
2020/07/28 16:12:55 [error] [php] fopen(/var/run/magnus/massivecallPid.php): failed to open stream: No such file or directory (/Library/WebServer/Documents/MBilling_7/protected/components/Process.php:48)
Stack trace:
#0 /Library/WebServer/Documents/MBilling_7/protected/components/ConsoleCommand.php(48): isActive()
#1 /Library/WebServer/Documents/MBilling_7/yii/framework/console/CConsoleCommandRunner.php(66): MassiveCallCommand->init()
#2 /Library/WebServer/Documents/MBilling_7/yii/framework/console/CConsoleApplication.php(91): CConsoleCommandRunner->run()
#3 /Library/WebServer/Documents/MBilling_7/yii/framework/base/CApplication.php(169): CConsoleApplication->processRequest()
#4 /Library/WebServer/Documents/MBilling_7/cron.php(31): CConsoleApplication->run()

2020/07/28 16:13:01 [error] [php] count(): Parameter must be an array or an object that implements Countable (/Library/WebServer/Documents/MBilling_7/protected/commands/MassiveCallCommand.php:150)
Stack trace:
#0 /Library/WebServer/Documents/MBilling_7/yii/framework/base/CApplication.php(169): CConsoleApplication->processRequest()
#1 /Library/WebServer/Documents/MBilling_7/cron.php(31): CConsoleApplication->run()

2020/07/28 16:13:24 [error] [php] Invalid argument supplied for foreach() (/Library/WebServer/Documents/MBilling_7/protected/commands/MassiveCallCommand.php:200)
Stack trace:
#0 /Library/WebServer/Documents/MBilling_7/yii/framework/base/CApplication.php(169): CConsoleApplication->processRequest()
#1 /Library/WebServer/Documents/MBilling_7/cron.php(31): CConsoleApplication->run()

2020/07/28 16:15:23 [error] [exception.Error] Error: Call to undefined method CampaignReport::CampaignReport() in /Library/WebServer/Documents/MBilling_7/protected/commands/MassiveCallCommand.php:281
Stack trace:
#0 /Library/WebServer/Documents/MBilling_7/yii/framework/console/CConsoleCommandRunner.php(67): MassiveCallCommand->run(Array)
#1 /Library/WebServer/Documents/MBilling_7/yii/framework/console/CConsoleApplication.php(91): CConsoleCommandRunner->run(Array)
#2 /Library/WebServer/Documents/MBilling_7/yii/framework/base/CApplication.php(169): CConsoleApplication->processRequest()
#3 /Library/WebServer/Documents/MBilling_7/cron.php(31): CApplication->run()
#4 {main}
---
2020/07/28 16:15:49 [error] [exception.Error] Error: Call to undefined method CampaignReport::CampaignReport() in /Library/WebServer/Documents/MBilling_7/protected/commands/MassiveCallCommand.php:283
Stack trace:
#0 /Library/WebServer/Documents/MBilling_7/yii/framework/console/CConsoleCommandRunner.php(67): MassiveCallCommand->run(Array)
#1 /Library/WebServer/Documents/MBilling_7/yii/framework/console/CConsoleApplication.php(91): CConsoleCommandRunner->run(Array)
#2 /Library/WebServer/Documents/MBilling_7/yii/framework/base/CApplication.php(169): CConsoleApplication->processRequest()
#3 /Library/WebServer/Documents/MBilling_7/cron.php(31): CApplication->run()
#4 {main}
---
2020/07/28 16:16:23 [error] [php] Non-static method CampaignReport::insertReport() should not be called statically (/Library/WebServer/Documents/MBilling_7/protected/commands/MassiveCallCommand.php:283)
Stack trace:
#0 /Library/WebServer/Documents/MBilling_7/yii/framework/base/CApplication.php(169): CConsoleApplication->processRequest()
#1 /Library/WebServer/Documents/MBilling_7/cron.php(31): CConsoleApplication->run()

2020/07/28 16:24:10 [error] [php] Non-static method CampaignReport::insertReport() should not be called statically (/Library/WebServer/Documents/MBilling_7/protected/commands/MassiveCallCommand.php:275)
Stack trace:
#0 /Library/WebServer/Documents/MBilling_7/yii/framework/base/CApplication.php(169): CConsoleApplication->processRequest()
#1 /Library/WebServer/Documents/MBilling_7/cron.php(31): CConsoleApplication->run()

2020/07/28 16:24:24 [error] [php] Non-static method CampaignReport::insertReport() should not be called statically (/Library/WebServer/Documents/MBilling_7/protected/commands/MassiveCallCommand.php:275)
Stack trace:
#0 /Library/WebServer/Documents/MBilling_7/yii/framework/base/CApplication.php(169): CConsoleApplication->processRequest()
#1 /Library/WebServer/Documents/MBilling_7/cron.php(31): CConsoleApplication->run()

2020/07/28 16:24:39 [error] [php] substr() expects at least 2 parameters, 1 given (/Library/WebServer/Documents/MBilling_7/protected/commands/MassiveCallCommand.php:275)
Stack trace:
#0 /Library/WebServer/Documents/MBilling_7/yii/framework/console/CConsoleApplication.php(91): CConsoleCommandRunner->run()
#1 /Library/WebServer/Documents/MBilling_7/yii/framework/base/CApplication.php(169): CConsoleApplication->processRequest()
#2 /Library/WebServer/Documents/MBilling_7/cron.php(31): CConsoleApplication->run()

2020/07/28 16:24:52 [error] [system.db.CDbCommand] CDbCommand::execute() failed: SQLSTATE[21S01]: Insert value list does not match column list: 1136 Column count doesn't match value count at row 1. The SQL statement executed was: INSERT INTO pkg_campaign_report (id_campaign, id_phonenumber, id_user, id_trunk, unix_timestamp, status) VALUES (231, 44463, 4151, 1595953492, 2).
2020/07/28 16:24:52 [error] [exception.CDbException] CDbException: CDbCommand failed to execute the SQL statement: SQLSTATE[21S01]: Insert value list does not match column list: 1136 Column count doesn't match value count at row 1 in /Library/WebServer/Documents/MBilling_7/yii/framework/db/CDbCommand.php:357
Stack trace:
#0 /Library/WebServer/Documents/MBilling_7/protected/models/CampaignReport.php(77): CDbCommand->execute()
#1 /Library/WebServer/Documents/MBilling_7/protected/commands/MassiveCallCommand.php(275): CampaignReport::insertReport('(231, 44463, 41...')
#2 /Library/WebServer/Documents/MBilling_7/yii/framework/console/CConsoleCommandRunner.php(67): MassiveCallCommand->run(Array)
#3 /Library/WebServer/Documents/MBilling_7/yii/framework/console/CConsoleApplication.php(91): CConsoleCommandRunner->run(Array)
#4 /Library/WebServer/Documents/MBilling_7/yii/framework/base/CApplication.php(169): CConsoleApplication->processRequest()
#5 /Library/WebServer/Documents/MBilling_7/cron.php(31): CApplication->run()
#6 {main}
---
